INFO - 2023-06-02 00:55:03 --> Session: Class initialized using 'CodeIgniter\Session\Handlers\FileHandler' driver.
WARNING - 2023-06-02 00:55:03 --> [DEPRECATED] Creation of dynamic property App\Controllers\UserController::$session is deprecated in APPPATH\Controllers\UserController.php on line 13.
 1 SYSTEMPATH\CodeIgniter.php(906): App\Controllers\UserController->__construct()
 2 SYSTEMPATH\CodeIgniter.php(490): CodeIgniter\CodeIgniter->createController()
 3 SYSTEMPATH\CodeIgniter.php(368): CodeIgniter\CodeIgniter->handleRequest(null, Object(Config\Cache), false)
 4 FCPATH\index.php(67): CodeIgniter\CodeIgniter->run()
INFO - 2023-06-02 00:55:06 --> Session: Class initialized using 'CodeIgniter\Session\Handlers\FileHandler' driver.
INFO - 2023-06-02 00:55:09 --> Session: Class initialized using 'CodeIgniter\Session\Handlers\FileHandler' driver.
WARNING - 2023-06-02 00:55:09 --> [DEPRECATED] Creation of dynamic property App\Controllers\UserController::$session is deprecated in APPPATH\Controllers\UserController.php on line 13.
 1 SYSTEMPATH\CodeIgniter.php(906): App\Controllers\UserController->__construct()
 2 SYSTEMPATH\CodeIgniter.php(490): CodeIgniter\CodeIgniter->createController()
 3 SYSTEMPATH\CodeIgniter.php(368): CodeIgniter\CodeIgniter->handleRequest(null, Object(Config\Cache), false)
 4 FCPATH\index.php(67): CodeIgniter\CodeIgniter->run()
INFO - 2023-06-02 00:58:04 --> Session: Class initialized using 'CodeIgniter\Session\Handlers\FileHandler' driver.
WARNING - 2023-06-02 00:58:04 --> [DEPRECATED] Creation of dynamic property App\Controllers\UserController::$session is deprecated in APPPATH\Controllers\UserController.php on line 13.
 1 SYSTEMPATH\CodeIgniter.php(906): App\Controllers\UserController->__construct()
 2 SYSTEMPATH\CodeIgniter.php(490): CodeIgniter\CodeIgniter->createController()
 3 SYSTEMPATH\CodeIgniter.php(368): CodeIgniter\CodeIgniter->handleRequest(null, Object(Config\Cache), false)
 4 FCPATH\index.php(67): CodeIgniter\CodeIgniter->run()
INFO - 2023-06-02 01:12:21 --> Session: Class initialized using 'CodeIgniter\Session\Handlers\FileHandler' driver.
WARNING - 2023-06-02 01:12:21 --> [DEPRECATED] Creation of dynamic property App\Controllers\UserController::$session is deprecated in APPPATH\Controllers\UserController.php on line 13.
 1 SYSTEMPATH\CodeIgniter.php(906): App\Controllers\UserController->__construct()
 2 SYSTEMPATH\CodeIgniter.php(490): CodeIgniter\CodeIgniter->createController()
 3 SYSTEMPATH\CodeIgniter.php(368): CodeIgniter\CodeIgniter->handleRequest(null, Object(Config\Cache), false)
 4 FCPATH\index.php(67): CodeIgniter\CodeIgniter->run()
INFO - 2023-06-02 01:12:36 --> Session: Class initialized using 'CodeIgniter\Session\Handlers\FileHandler' driver.
WARNING - 2023-06-02 01:12:36 --> [DEPRECATED] Creation of dynamic property App\Controllers\UserController::$session is deprecated in APPPATH\Controllers\UserController.php on line 13.
 1 SYSTEMPATH\CodeIgniter.php(906): App\Controllers\UserController->__construct()
 2 SYSTEMPATH\CodeIgniter.php(490): CodeIgniter\CodeIgniter->createController()
 3 SYSTEMPATH\CodeIgniter.php(368): CodeIgniter\CodeIgniter->handleRequest(null, Object(Config\Cache), false)
 4 FCPATH\index.php(67): CodeIgniter\CodeIgniter->run()
INFO - 2023-06-02 01:12:55 --> Session: Class initialized using 'CodeIgniter\Session\Handlers\FileHandler' driver.
WARNING - 2023-06-02 01:12:55 --> [DEPRECATED] Creation of dynamic property App\Controllers\UserController::$session is deprecated in APPPATH\Controllers\UserController.php on line 13.
 1 SYSTEMPATH\CodeIgniter.php(906): App\Controllers\UserController->__construct()
 2 SYSTEMPATH\CodeIgniter.php(490): CodeIgniter\CodeIgniter->createController()
 3 SYSTEMPATH\CodeIgniter.php(368): CodeIgniter\CodeIgniter->handleRequest(null, Object(Config\Cache), false)
 4 FCPATH\index.php(67): CodeIgniter\CodeIgniter->run()
INFO - 2023-06-02 01:13:16 --> Session: Class initialized using 'CodeIgniter\Session\Handlers\FileHandler' driver.
WARNING - 2023-06-02 01:13:16 --> [DEPRECATED] Creation of dynamic property App\Controllers\UserController::$session is deprecated in APPPATH\Controllers\UserController.php on line 13.
 1 SYSTEMPATH\CodeIgniter.php(906): App\Controllers\UserController->__construct()
 2 SYSTEMPATH\CodeIgniter.php(490): CodeIgniter\CodeIgniter->createController()
 3 SYSTEMPATH\CodeIgniter.php(368): CodeIgniter\CodeIgniter->handleRequest(null, Object(Config\Cache), false)
 4 FCPATH\index.php(67): CodeIgniter\CodeIgniter->run()
INFO - 2023-06-02 01:13:21 --> Session: Class initialized using 'CodeIgniter\Session\Handlers\FileHandler' driver.
INFO - 2023-06-02 01:13:22 --> Session: Class initialized using 'CodeIgniter\Session\Handlers\FileHandler' driver.
INFO - 2023-06-02 01:13:23 --> Session: Class initialized using 'CodeIgniter\Session\Handlers\FileHandler' driver.
WARNING - 2023-06-02 01:13:23 --> [DEPRECATED] Creation of dynamic property App\Controllers\UserController::$session is deprecated in APPPATH\Controllers\UserController.php on line 13.
 1 SYSTEMPATH\CodeIgniter.php(906): App\Controllers\UserController->__construct()
 2 SYSTEMPATH\CodeIgniter.php(490): CodeIgniter\CodeIgniter->createController()
 3 SYSTEMPATH\CodeIgniter.php(368): CodeIgniter\CodeIgniter->handleRequest(null, Object(Config\Cache), false)
 4 FCPATH\index.php(67): CodeIgniter\CodeIgniter->run()
INFO - 2023-06-02 01:13:51 --> Session: Class initialized using 'CodeIgniter\Session\Handlers\FileHandler' driver.
WARNING - 2023-06-02 01:13:51 --> [DEPRECATED] Creation of dynamic property App\Controllers\UserController::$session is deprecated in APPPATH\Controllers\UserController.php on line 13.
 1 SYSTEMPATH\CodeIgniter.php(906): App\Controllers\UserController->__construct()
 2 SYSTEMPATH\CodeIgniter.php(490): CodeIgniter\CodeIgniter->createController()
 3 SYSTEMPATH\CodeIgniter.php(368): CodeIgniter\CodeIgniter->handleRequest(null, Object(Config\Cache), false)
 4 FCPATH\index.php(67): CodeIgniter\CodeIgniter->run()
INFO - 2023-06-02 01:13:54 --> Session: Class initialized using 'CodeIgniter\Session\Handlers\FileHandler' driver.
WARNING - 2023-06-02 01:13:54 --> [DEPRECATED] Creation of dynamic property App\Controllers\UserController::$session is deprecated in APPPATH\Controllers\UserController.php on line 13.
 1 SYSTEMPATH\CodeIgniter.php(906): App\Controllers\UserController->__construct()
 2 SYSTEMPATH\CodeIgniter.php(490): CodeIgniter\CodeIgniter->createController()
 3 SYSTEMPATH\CodeIgniter.php(368): CodeIgniter\CodeIgniter->handleRequest(null, Object(Config\Cache), false)
 4 FCPATH\index.php(67): CodeIgniter\CodeIgniter->run()
INFO - 2023-06-02 01:18:41 --> Session: Class initialized using 'CodeIgniter\Session\Handlers\FileHandler' driver.
WARNING - 2023-06-02 01:18:41 --> [DEPRECATED] Creation of dynamic property App\Controllers\UserController::$session is deprecated in APPPATH\Controllers\UserController.php on line 13.
 1 SYSTEMPATH\CodeIgniter.php(906): App\Controllers\UserController->__construct()
 2 SYSTEMPATH\CodeIgniter.php(490): CodeIgniter\CodeIgniter->createController()
 3 SYSTEMPATH\CodeIgniter.php(368): CodeIgniter\CodeIgniter->handleRequest(null, Object(Config\Cache), false)
 4 FCPATH\index.php(67): CodeIgniter\CodeIgniter->run()
INFO - 2023-06-02 01:21:45 --> Session: Class initialized using 'CodeIgniter\Session\Handlers\FileHandler' driver.
WARNING - 2023-06-02 01:21:45 --> [DEPRECATED] Creation of dynamic property App\Controllers\UserController::$session is deprecated in APPPATH\Controllers\UserController.php on line 13.
 1 SYSTEMPATH\CodeIgniter.php(906): App\Controllers\UserController->__construct()
 2 SYSTEMPATH\CodeIgniter.php(490): CodeIgniter\CodeIgniter->createController()
 3 SYSTEMPATH\CodeIgniter.php(368): CodeIgniter\CodeIgniter->handleRequest(null, Object(Config\Cache), false)
 4 FCPATH\index.php(67): CodeIgniter\CodeIgniter->run()
INFO - 2023-06-02 01:24:41 --> Session: Class initialized using 'CodeIgniter\Session\Handlers\FileHandler' driver.
WARNING - 2023-06-02 01:24:41 --> [DEPRECATED] Creation of dynamic property App\Controllers\UserController::$session is deprecated in APPPATH\Controllers\UserController.php on line 13.
 1 SYSTEMPATH\CodeIgniter.php(906): App\Controllers\UserController->__construct()
 2 SYSTEMPATH\CodeIgniter.php(490): CodeIgniter\CodeIgniter->createController()
 3 SYSTEMPATH\CodeIgniter.php(368): CodeIgniter\CodeIgniter->handleRequest(null, Object(Config\Cache), false)
 4 FCPATH\index.php(67): CodeIgniter\CodeIgniter->run()
INFO - 2023-06-02 01:28:41 --> Session: Class initialized using 'CodeIgniter\Session\Handlers\FileHandler' driver.
WARNING - 2023-06-02 01:28:41 --> [DEPRECATED] Creation of dynamic property App\Controllers\UserController::$session is deprecated in APPPATH\Controllers\UserController.php on line 13.
 1 SYSTEMPATH\CodeIgniter.php(906): App\Controllers\UserController->__construct()
 2 SYSTEMPATH\CodeIgniter.php(490): CodeIgniter\CodeIgniter->createController()
 3 SYSTEMPATH\CodeIgniter.php(368): CodeIgniter\CodeIgniter->handleRequest(null, Object(Config\Cache), false)
 4 FCPATH\index.php(67): CodeIgniter\CodeIgniter->run()
INFO - 2023-06-02 01:30:12 --> Session: Class initialized using 'CodeIgniter\Session\Handlers\FileHandler' driver.
WARNING - 2023-06-02 01:30:12 --> [DEPRECATED] Creation of dynamic property App\Controllers\UserController::$session is deprecated in APPPATH\Controllers\UserController.php on line 13.
 1 SYSTEMPATH\CodeIgniter.php(906): App\Controllers\UserController->__construct()
 2 SYSTEMPATH\CodeIgniter.php(490): CodeIgniter\CodeIgniter->createController()
 3 SYSTEMPATH\CodeIgniter.php(368): CodeIgniter\CodeIgniter->handleRequest(null, Object(Config\Cache), false)
 4 FCPATH\index.php(67): CodeIgniter\CodeIgniter->run()
INFO - 2023-06-02 01:30:29 --> Session: Class initialized using 'CodeIgniter\Session\Handlers\FileHandler' driver.
WARNING - 2023-06-02 01:30:29 --> [DEPRECATED] Creation of dynamic property App\Controllers\UserController::$session is deprecated in APPPATH\Controllers\UserController.php on line 13.
 1 SYSTEMPATH\CodeIgniter.php(906): App\Controllers\UserController->__construct()
 2 SYSTEMPATH\CodeIgniter.php(490): CodeIgniter\CodeIgniter->createController()
 3 SYSTEMPATH\CodeIgniter.php(368): CodeIgniter\CodeIgniter->handleRequest(null, Object(Config\Cache), false)
 4 FCPATH\index.php(67): CodeIgniter\CodeIgniter->run()
INFO - 2023-06-02 01:30:33 --> Session: Class initialized using 'CodeIgniter\Session\Handlers\FileHandler' driver.
WARNING - 2023-06-02 01:30:33 --> [DEPRECATED] Creation of dynamic property App\Controllers\UserController::$session is deprecated in APPPATH\Controllers\UserController.php on line 13.
 1 SYSTEMPATH\CodeIgniter.php(906): App\Controllers\UserController->__construct()
 2 SYSTEMPATH\CodeIgniter.php(490): CodeIgniter\CodeIgniter->createController()
 3 SYSTEMPATH\CodeIgniter.php(368): CodeIgniter\CodeIgniter->handleRequest(null, Object(Config\Cache), false)
 4 FCPATH\index.php(67): CodeIgniter\CodeIgniter->run()
INFO - 2023-06-02 01:30:38 --> Session: Class initialized using 'CodeIgniter\Session\Handlers\FileHandler' driver.
WARNING - 2023-06-02 01:30:38 --> [DEPRECATED] Creation of dynamic property App\Controllers\UserController::$session is deprecated in APPPATH\Controllers\UserController.php on line 13.
 1 SYSTEMPATH\CodeIgniter.php(906): App\Controllers\UserController->__construct()
 2 SYSTEMPATH\CodeIgniter.php(490): CodeIgniter\CodeIgniter->createController()
 3 SYSTEMPATH\CodeIgniter.php(368): CodeIgniter\CodeIgniter->handleRequest(null, Object(Config\Cache), false)
 4 FCPATH\index.php(67): CodeIgniter\CodeIgniter->run()
INFO - 2023-06-02 01:30:40 --> Session: Class initialized using 'CodeIgniter\Session\Handlers\FileHandler' driver.
WARNING - 2023-06-02 01:30:40 --> [DEPRECATED] Creation of dynamic property App\Controllers\UserController::$session is deprecated in APPPATH\Controllers\UserController.php on line 13.
 1 SYSTEMPATH\CodeIgniter.php(906): App\Controllers\UserController->__construct()
 2 SYSTEMPATH\CodeIgniter.php(490): CodeIgniter\CodeIgniter->createController()
 3 SYSTEMPATH\CodeIgniter.php(368): CodeIgniter\CodeIgniter->handleRequest(null, Object(Config\Cache), false)
 4 FCPATH\index.php(67): CodeIgniter\CodeIgniter->run()
INFO - 2023-06-02 01:36:07 --> Session: Class initialized using 'CodeIgniter\Session\Handlers\FileHandler' driver.
WARNING - 2023-06-02 01:36:07 --> [DEPRECATED] Creation of dynamic property App\Controllers\UserController::$session is deprecated in APPPATH\Controllers\UserController.php on line 13.
 1 SYSTEMPATH\CodeIgniter.php(906): App\Controllers\UserController->__construct()
 2 SYSTEMPATH\CodeIgniter.php(490): CodeIgniter\CodeIgniter->createController()
 3 SYSTEMPATH\CodeIgniter.php(368): CodeIgniter\CodeIgniter->handleRequest(null, Object(Config\Cache), false)
 4 FCPATH\index.php(67): CodeIgniter\CodeIgniter->run()
INFO - 2023-06-02 01:36:45 --> Session: Class initialized using 'CodeIgniter\Session\Handlers\FileHandler' driver.
WARNING - 2023-06-02 01:36:45 --> [DEPRECATED] Creation of dynamic property App\Controllers\UserController::$session is deprecated in APPPATH\Controllers\UserController.php on line 13.
 1 SYSTEMPATH\CodeIgniter.php(906): App\Controllers\UserController->__construct()
 2 SYSTEMPATH\CodeIgniter.php(490): CodeIgniter\CodeIgniter->createController()
 3 SYSTEMPATH\CodeIgniter.php(368): CodeIgniter\CodeIgniter->handleRequest(null, Object(Config\Cache), false)
 4 FCPATH\index.php(67): CodeIgniter\CodeIgniter->run()
INFO - 2023-06-02 01:37:12 --> Session: Class initialized using 'CodeIgniter\Session\Handlers\FileHandler' driver.
WARNING - 2023-06-02 01:37:12 --> [DEPRECATED] Creation of dynamic property App\Controllers\UserController::$session is deprecated in APPPATH\Controllers\UserController.php on line 13.
 1 SYSTEMPATH\CodeIgniter.php(906): App\Controllers\UserController->__construct()
 2 SYSTEMPATH\CodeIgniter.php(490): CodeIgniter\CodeIgniter->createController()
 3 SYSTEMPATH\CodeIgniter.php(368): CodeIgniter\CodeIgniter->handleRequest(null, Object(Config\Cache), false)
 4 FCPATH\index.php(67): CodeIgniter\CodeIgniter->run()
INFO - 2023-06-02 01:37:23 --> Session: Class initialized using 'CodeIgniter\Session\Handlers\FileHandler' driver.
WARNING - 2023-06-02 01:37:23 --> [DEPRECATED] Creation of dynamic property App\Controllers\UserController::$session is deprecated in APPPATH\Controllers\UserController.php on line 13.
 1 SYSTEMPATH\CodeIgniter.php(906): App\Controllers\UserController->__construct()
 2 SYSTEMPATH\CodeIgniter.php(490): CodeIgniter\CodeIgniter->createController()
 3 SYSTEMPATH\CodeIgniter.php(368): CodeIgniter\CodeIgniter->handleRequest(null, Object(Config\Cache), false)
 4 FCPATH\index.php(67): CodeIgniter\CodeIgniter->run()
INFO - 2023-06-02 01:37:34 --> Session: Class initialized using 'CodeIgniter\Session\Handlers\FileHandler' driver.
WARNING - 2023-06-02 01:37:34 --> [DEPRECATED] Creation of dynamic property App\Controllers\UserController::$session is deprecated in APPPATH\Controllers\UserController.php on line 13.
 1 SYSTEMPATH\CodeIgniter.php(906): App\Controllers\UserController->__construct()
 2 SYSTEMPATH\CodeIgniter.php(490): CodeIgniter\CodeIgniter->createController()
 3 SYSTEMPATH\CodeIgniter.php(368): CodeIgniter\CodeIgniter->handleRequest(null, Object(Config\Cache), false)
 4 FCPATH\index.php(67): CodeIgniter\CodeIgniter->run()
INFO - 2023-06-02 01:40:55 --> Session: Class initialized using 'CodeIgniter\Session\Handlers\FileHandler' driver.
WARNING - 2023-06-02 01:40:55 --> [DEPRECATED] Creation of dynamic property App\Controllers\UserController::$session is deprecated in APPPATH\Controllers\UserController.php on line 13.
 1 SYSTEMPATH\CodeIgniter.php(906): App\Controllers\UserController->__construct()
 2 SYSTEMPATH\CodeIgniter.php(490): CodeIgniter\CodeIgniter->createController()
 3 SYSTEMPATH\CodeIgniter.php(368): CodeIgniter\CodeIgniter->handleRequest(null, Object(Config\Cache), false)
 4 FCPATH\index.php(67): CodeIgniter\CodeIgniter->run()
INFO - 2023-06-02 01:41:00 --> Session: Class initialized using 'CodeIgniter\Session\Handlers\FileHandler' driver.
WARNING - 2023-06-02 01:41:00 --> [DEPRECATED] Creation of dynamic property App\Controllers\UserController::$session is deprecated in APPPATH\Controllers\UserController.php on line 13.
 1 SYSTEMPATH\CodeIgniter.php(906): App\Controllers\UserController->__construct()
 2 SYSTEMPATH\CodeIgniter.php(490): CodeIgniter\CodeIgniter->createController()
 3 SYSTEMPATH\CodeIgniter.php(368): CodeIgniter\CodeIgniter->handleRequest(null, Object(Config\Cache), false)
 4 FCPATH\index.php(67): CodeIgniter\CodeIgniter->run()
INFO - 2023-06-02 01:43:12 --> Session: Class initialized using 'CodeIgniter\Session\Handlers\FileHandler' driver.
WARNING - 2023-06-02 01:43:12 --> [DEPRECATED] Creation of dynamic property App\Controllers\UserController::$session is deprecated in APPPATH\Controllers\UserController.php on line 13.
 1 SYSTEMPATH\CodeIgniter.php(906): App\Controllers\UserController->__construct()
 2 SYSTEMPATH\CodeIgniter.php(490): CodeIgniter\CodeIgniter->createController()
 3 SYSTEMPATH\CodeIgniter.php(368): CodeIgniter\CodeIgniter->handleRequest(null, Object(Config\Cache), false)
 4 FCPATH\index.php(67): CodeIgniter\CodeIgniter->run()
INFO - 2023-06-02 01:46:13 --> Session: Class initialized using 'CodeIgniter\Session\Handlers\FileHandler' driver.
WARNING - 2023-06-02 01:46:13 --> [DEPRECATED] Creation of dynamic property App\Controllers\UserController::$session is deprecated in APPPATH\Controllers\UserController.php on line 13.
 1 SYSTEMPATH\CodeIgniter.php(906): App\Controllers\UserController->__construct()
 2 SYSTEMPATH\CodeIgniter.php(490): CodeIgniter\CodeIgniter->createController()
 3 SYSTEMPATH\CodeIgniter.php(368): CodeIgniter\CodeIgniter->handleRequest(null, Object(Config\Cache), false)
 4 FCPATH\index.php(67): CodeIgniter\CodeIgniter->run()
INFO - 2023-06-02 01:47:21 --> Session: Class initialized using 'CodeIgniter\Session\Handlers\FileHandler' driver.
WARNING - 2023-06-02 01:47:21 --> [DEPRECATED] Creation of dynamic property App\Controllers\UserController::$session is deprecated in APPPATH\Controllers\UserController.php on line 13.
 1 SYSTEMPATH\CodeIgniter.php(906): App\Controllers\UserController->__construct()
 2 SYSTEMPATH\CodeIgniter.php(490): CodeIgniter\CodeIgniter->createController()
 3 SYSTEMPATH\CodeIgniter.php(368): CodeIgniter\CodeIgniter->handleRequest(null, Object(Config\Cache), false)
 4 FCPATH\index.php(67): CodeIgniter\CodeIgniter->run()
INFO - 2023-06-02 01:47:26 --> Session: Class initialized using 'CodeIgniter\Session\Handlers\FileHandler' driver.
INFO - 2023-06-02 01:47:29 --> Session: Class initialized using 'CodeIgniter\Session\Handlers\FileHandler' driver.
WARNING - 2023-06-02 01:47:29 --> [DEPRECATED] Creation of dynamic property App\Controllers\UserController::$session is deprecated in APPPATH\Controllers\UserController.php on line 13.
 1 SYSTEMPATH\CodeIgniter.php(906): App\Controllers\UserController->__construct()
 2 SYSTEMPATH\CodeIgniter.php(490): CodeIgniter\CodeIgniter->createController()
 3 SYSTEMPATH\CodeIgniter.php(368): CodeIgniter\CodeIgniter->handleRequest(null, Object(Config\Cache), false)
 4 FCPATH\index.php(67): CodeIgniter\CodeIgniter->run()
INFO - 2023-06-02 01:47:32 --> Session: Class initialized using 'CodeIgniter\Session\Handlers\FileHandler' driver.
WARNING - 2023-06-02 01:47:32 --> [DEPRECATED] Creation of dynamic property App\Controllers\UserController::$session is deprecated in APPPATH\Controllers\UserController.php on line 13.
 1 SYSTEMPATH\CodeIgniter.php(906): App\Controllers\UserController->__construct()
 2 SYSTEMPATH\CodeIgniter.php(490): CodeIgniter\CodeIgniter->createController()
 3 SYSTEMPATH\CodeIgniter.php(368): CodeIgniter\CodeIgniter->handleRequest(null, Object(Config\Cache), false)
 4 FCPATH\index.php(67): CodeIgniter\CodeIgniter->run()
INFO - 2023-06-02 01:51:58 --> Session: Class initialized using 'CodeIgniter\Session\Handlers\FileHandler' driver.
WARNING - 2023-06-02 01:51:58 --> [DEPRECATED] Creation of dynamic property App\Controllers\UserController::$session is deprecated in APPPATH\Controllers\UserController.php on line 13.
 1 SYSTEMPATH\CodeIgniter.php(906): App\Controllers\UserController->__construct()
 2 SYSTEMPATH\CodeIgniter.php(490): CodeIgniter\CodeIgniter->createController()
 3 SYSTEMPATH\CodeIgniter.php(368): CodeIgniter\CodeIgniter->handleRequest(null, Object(Config\Cache), false)
 4 FCPATH\index.php(67): CodeIgniter\CodeIgniter->run()
INFO - 2023-06-02 01:52:46 --> Session: Class initialized using 'CodeIgniter\Session\Handlers\FileHandler' driver.
WARNING - 2023-06-02 01:52:46 --> [DEPRECATED] Creation of dynamic property App\Controllers\UserController::$session is deprecated in APPPATH\Controllers\UserController.php on line 13.
 1 SYSTEMPATH\CodeIgniter.php(906): App\Controllers\UserController->__construct()
 2 SYSTEMPATH\CodeIgniter.php(490): CodeIgniter\CodeIgniter->createController()
 3 SYSTEMPATH\CodeIgniter.php(368): CodeIgniter\CodeIgniter->handleRequest(null, Object(Config\Cache), false)
 4 FCPATH\index.php(67): CodeIgniter\CodeIgniter->run()
INFO - 2023-06-02 01:53:57 --> Session: Class initialized using 'CodeIgniter\Session\Handlers\FileHandler' driver.
WARNING - 2023-06-02 01:53:57 --> [DEPRECATED] Creation of dynamic property App\Controllers\UserController::$session is deprecated in APPPATH\Controllers\UserController.php on line 13.
 1 SYSTEMPATH\CodeIgniter.php(906): App\Controllers\UserController->__construct()
 2 SYSTEMPATH\CodeIgniter.php(490): CodeIgniter\CodeIgniter->createController()
 3 SYSTEMPATH\CodeIgniter.php(368): CodeIgniter\CodeIgniter->handleRequest(null, Object(Config\Cache), false)
 4 FCPATH\index.php(67): CodeIgniter\CodeIgniter->run()
INFO - 2023-06-02 01:54:58 --> Session: Class initialized using 'CodeIgniter\Session\Handlers\FileHandler' driver.
WARNING - 2023-06-02 01:54:58 --> [DEPRECATED] Creation of dynamic property App\Controllers\UserController::$session is deprecated in APPPATH\Controllers\UserController.php on line 13.
 1 SYSTEMPATH\CodeIgniter.php(906): App\Controllers\UserController->__construct()
 2 SYSTEMPATH\CodeIgniter.php(490): CodeIgniter\CodeIgniter->createController()
 3 SYSTEMPATH\CodeIgniter.php(368): CodeIgniter\CodeIgniter->handleRequest(null, Object(Config\Cache), false)
 4 FCPATH\index.php(67): CodeIgniter\CodeIgniter->run()
INFO - 2023-06-02 01:56:23 --> Session: Class initialized using 'CodeIgniter\Session\Handlers\FileHandler' driver.
WARNING - 2023-06-02 01:56:23 --> [DEPRECATED] Creation of dynamic property App\Controllers\UserController::$session is deprecated in APPPATH\Controllers\UserController.php on line 13.
 1 SYSTEMPATH\CodeIgniter.php(906): App\Controllers\UserController->__construct()
 2 SYSTEMPATH\CodeIgniter.php(490): CodeIgniter\CodeIgniter->createController()
 3 SYSTEMPATH\CodeIgniter.php(368): CodeIgniter\CodeIgniter->handleRequest(null, Object(Config\Cache), false)
 4 FCPATH\index.php(67): CodeIgniter\CodeIgniter->run()
INFO - 2023-06-02 01:56:53 --> Session: Class initialized using 'CodeIgniter\Session\Handlers\FileHandler' driver.
WARNING - 2023-06-02 01:56:53 --> [DEPRECATED] Creation of dynamic property App\Controllers\UserController::$session is deprecated in APPPATH\Controllers\UserController.php on line 13.
 1 SYSTEMPATH\CodeIgniter.php(906): App\Controllers\UserController->__construct()
 2 SYSTEMPATH\CodeIgniter.php(490): CodeIgniter\CodeIgniter->createController()
 3 SYSTEMPATH\CodeIgniter.php(368): CodeIgniter\CodeIgniter->handleRequest(null, Object(Config\Cache), false)
 4 FCPATH\index.php(67): CodeIgniter\CodeIgniter->run()
INFO - 2023-06-02 01:57:15 --> Session: Class initialized using 'CodeIgniter\Session\Handlers\FileHandler' driver.
WARNING - 2023-06-02 01:57:15 --> [DEPRECATED] Creation of dynamic property App\Controllers\UserController::$session is deprecated in APPPATH\Controllers\UserController.php on line 13.
 1 SYSTEMPATH\CodeIgniter.php(906): App\Controllers\UserController->__construct()
 2 SYSTEMPATH\CodeIgniter.php(490): CodeIgniter\CodeIgniter->createController()
 3 SYSTEMPATH\CodeIgniter.php(368): CodeIgniter\CodeIgniter->handleRequest(null, Object(Config\Cache), false)
 4 FCPATH\index.php(67): CodeIgniter\CodeIgniter->run()
INFO - 2023-06-02 01:58:07 --> Session: Class initialized using 'CodeIgniter\Session\Handlers\FileHandler' driver.
WARNING - 2023-06-02 01:58:07 --> [DEPRECATED] Creation of dynamic property App\Controllers\UserController::$session is deprecated in APPPATH\Controllers\UserController.php on line 13.
 1 SYSTEMPATH\CodeIgniter.php(906): App\Controllers\UserController->__construct()
 2 SYSTEMPATH\CodeIgniter.php(490): CodeIgniter\CodeIgniter->createController()
 3 SYSTEMPATH\CodeIgniter.php(368): CodeIgniter\CodeIgniter->handleRequest(null, Object(Config\Cache), false)
 4 FCPATH\index.php(67): CodeIgniter\CodeIgniter->run()
INFO - 2023-06-02 01:58:27 --> Session: Class initialized using 'CodeIgniter\Session\Handlers\FileHandler' driver.
WARNING - 2023-06-02 01:58:27 --> [DEPRECATED] Creation of dynamic property App\Controllers\UserController::$session is deprecated in APPPATH\Controllers\UserController.php on line 13.
 1 SYSTEMPATH\CodeIgniter.php(906): App\Controllers\UserController->__construct()
 2 SYSTEMPATH\CodeIgniter.php(490): CodeIgniter\CodeIgniter->createController()
 3 SYSTEMPATH\CodeIgniter.php(368): CodeIgniter\CodeIgniter->handleRequest(null, Object(Config\Cache), false)
 4 FCPATH\index.php(67): CodeIgniter\CodeIgniter->run()
INFO - 2023-06-02 01:58:42 --> Session: Class initialized using 'CodeIgniter\Session\Handlers\FileHandler' driver.
WARNING - 2023-06-02 01:58:42 --> [DEPRECATED] Creation of dynamic property App\Controllers\UserController::$session is deprecated in APPPATH\Controllers\UserController.php on line 13.
 1 SYSTEMPATH\CodeIgniter.php(906): App\Controllers\UserController->__construct()
 2 SYSTEMPATH\CodeIgniter.php(490): CodeIgniter\CodeIgniter->createController()
 3 SYSTEMPATH\CodeIgniter.php(368): CodeIgniter\CodeIgniter->handleRequest(null, Object(Config\Cache), false)
 4 FCPATH\index.php(67): CodeIgniter\CodeIgniter->run()
INFO - 2023-06-02 01:59:08 --> Session: Class initialized using 'CodeIgniter\Session\Handlers\FileHandler' driver.
WARNING - 2023-06-02 01:59:08 --> [DEPRECATED] Creation of dynamic property App\Controllers\UserController::$session is deprecated in APPPATH\Controllers\UserController.php on line 13.
 1 SYSTEMPATH\CodeIgniter.php(906): App\Controllers\UserController->__construct()
 2 SYSTEMPATH\CodeIgniter.php(490): CodeIgniter\CodeIgniter->createController()
 3 SYSTEMPATH\CodeIgniter.php(368): CodeIgniter\CodeIgniter->handleRequest(null, Object(Config\Cache), false)
 4 FCPATH\index.php(67): CodeIgniter\CodeIgniter->run()
INFO - 2023-06-02 01:59:21 --> Session: Class initialized using 'CodeIgniter\Session\Handlers\FileHandler' driver.
WARNING - 2023-06-02 01:59:21 --> [DEPRECATED] Creation of dynamic property App\Controllers\UserController::$session is deprecated in APPPATH\Controllers\UserController.php on line 13.
 1 SYSTEMPATH\CodeIgniter.php(906): App\Controllers\UserController->__construct()
 2 SYSTEMPATH\CodeIgniter.php(490): CodeIgniter\CodeIgniter->createController()
 3 SYSTEMPATH\CodeIgniter.php(368): CodeIgniter\CodeIgniter->handleRequest(null, Object(Config\Cache), false)
 4 FCPATH\index.php(67): CodeIgniter\CodeIgniter->run()
INFO - 2023-06-02 01:59:37 --> Session: Class initialized using 'CodeIgniter\Session\Handlers\FileHandler' driver.
WARNING - 2023-06-02 01:59:37 --> [DEPRECATED] Creation of dynamic property App\Controllers\UserController::$session is deprecated in APPPATH\Controllers\UserController.php on line 13.
 1 SYSTEMPATH\CodeIgniter.php(906): App\Controllers\UserController->__construct()
 2 SYSTEMPATH\CodeIgniter.php(490): CodeIgniter\CodeIgniter->createController()
 3 SYSTEMPATH\CodeIgniter.php(368): CodeIgniter\CodeIgniter->handleRequest(null, Object(Config\Cache), false)
 4 FCPATH\index.php(67): CodeIgniter\CodeIgniter->run()
INFO - 2023-06-02 02:01:48 --> Session: Class initialized using 'CodeIgniter\Session\Handlers\FileHandler' driver.
WARNING - 2023-06-02 02:01:48 --> [DEPRECATED] Creation of dynamic property App\Controllers\UserController::$session is deprecated in APPPATH\Controllers\UserController.php on line 13.
 1 SYSTEMPATH\CodeIgniter.php(906): App\Controllers\UserController->__construct()
 2 SYSTEMPATH\CodeIgniter.php(490): CodeIgniter\CodeIgniter->createController()
 3 SYSTEMPATH\CodeIgniter.php(368): CodeIgniter\CodeIgniter->handleRequest(null, Object(Config\Cache), false)
 4 FCPATH\index.php(67): CodeIgniter\CodeIgniter->run()
INFO - 2023-06-02 02:02:05 --> Session: Class initialized using 'CodeIgniter\Session\Handlers\FileHandler' driver.
WARNING - 2023-06-02 02:02:05 --> [DEPRECATED] Creation of dynamic property App\Controllers\UserController::$session is deprecated in APPPATH\Controllers\UserController.php on line 13.
 1 SYSTEMPATH\CodeIgniter.php(906): App\Controllers\UserController->__construct()
 2 SYSTEMPATH\CodeIgniter.php(490): CodeIgniter\CodeIgniter->createController()
 3 SYSTEMPATH\CodeIgniter.php(368): CodeIgniter\CodeIgniter->handleRequest(null, Object(Config\Cache), false)
 4 FCPATH\index.php(67): CodeIgniter\CodeIgniter->run()
INFO - 2023-06-02 02:03:47 --> Session: Class initialized using 'CodeIgniter\Session\Handlers\FileHandler' driver.
WARNING - 2023-06-02 02:03:47 --> [DEPRECATED] Creation of dynamic property App\Controllers\UserController::$session is deprecated in APPPATH\Controllers\UserController.php on line 13.
 1 SYSTEMPATH\CodeIgniter.php(906): App\Controllers\UserController->__construct()
 2 SYSTEMPATH\CodeIgniter.php(490): CodeIgniter\CodeIgniter->createController()
 3 SYSTEMPATH\CodeIgniter.php(368): CodeIgniter\CodeIgniter->handleRequest(null, Object(Config\Cache), false)
 4 FCPATH\index.php(67): CodeIgniter\CodeIgniter->run()
INFO - 2023-06-02 02:04:01 --> Session: Class initialized using 'CodeIgniter\Session\Handlers\FileHandler' driver.
INFO - 2023-06-02 02:04:03 --> Session: Class initialized using 'CodeIgniter\Session\Handlers\FileHandler' driver.
WARNING - 2023-06-02 02:04:03 --> [DEPRECATED] Creation of dynamic property App\Controllers\UserController::$session is deprecated in APPPATH\Controllers\UserController.php on line 13.
 1 SYSTEMPATH\CodeIgniter.php(906): App\Controllers\UserController->__construct()
 2 SYSTEMPATH\CodeIgniter.php(490): CodeIgniter\CodeIgniter->createController()
 3 SYSTEMPATH\CodeIgniter.php(368): CodeIgniter\CodeIgniter->handleRequest(null, Object(Config\Cache), false)
 4 FCPATH\index.php(67): CodeIgniter\CodeIgniter->run()
INFO - 2023-06-02 02:04:14 --> Session: Class initialized using 'CodeIgniter\Session\Handlers\FileHandler' driver.
WARNING - 2023-06-02 02:04:14 --> [DEPRECATED] Creation of dynamic property App\Controllers\UserController::$session is deprecated in APPPATH\Controllers\UserController.php on line 13.
 1 SYSTEMPATH\CodeIgniter.php(906): App\Controllers\UserController->__construct()
 2 SYSTEMPATH\CodeIgniter.php(490): CodeIgniter\CodeIgniter->createController()
 3 SYSTEMPATH\CodeIgniter.php(368): CodeIgniter\CodeIgniter->handleRequest(null, Object(Config\Cache), false)
 4 FCPATH\index.php(67): CodeIgniter\CodeIgniter->run()
INFO - 2023-06-02 02:04:22 --> Session: Class initialized using 'CodeIgniter\Session\Handlers\FileHandler' driver.
WARNING - 2023-06-02 02:04:22 --> [DEPRECATED] Creation of dynamic property App\Controllers\UserController::$session is deprecated in APPPATH\Controllers\UserController.php on line 13.
 1 SYSTEMPATH\CodeIgniter.php(906): App\Controllers\UserController->__construct()
 2 SYSTEMPATH\CodeIgniter.php(490): CodeIgniter\CodeIgniter->createController()
 3 SYSTEMPATH\CodeIgniter.php(368): CodeIgniter\CodeIgniter->handleRequest(null, Object(Config\Cache), false)
 4 FCPATH\index.php(67): CodeIgniter\CodeIgniter->run()
INFO - 2023-06-02 02:07:24 --> Session: Class initialized using 'CodeIgniter\Session\Handlers\FileHandler' driver.
WARNING - 2023-06-02 02:07:24 --> [DEPRECATED] Creation of dynamic property App\Controllers\UserController::$session is deprecated in APPPATH\Controllers\UserController.php on line 13.
 1 SYSTEMPATH\CodeIgniter.php(906): App\Controllers\UserController->__construct()
 2 SYSTEMPATH\CodeIgniter.php(490): CodeIgniter\CodeIgniter->createController()
 3 SYSTEMPATH\CodeIgniter.php(368): CodeIgniter\CodeIgniter->handleRequest(null, Object(Config\Cache), false)
 4 FCPATH\index.php(67): CodeIgniter\CodeIgniter->run()
INFO - 2023-06-02 02:07:39 --> Session: Class initialized using 'CodeIgniter\Session\Handlers\FileHandler' driver.
WARNING - 2023-06-02 02:07:39 --> [DEPRECATED] Creation of dynamic property App\Controllers\UserController::$session is deprecated in APPPATH\Controllers\UserController.php on line 13.
 1 SYSTEMPATH\CodeIgniter.php(906): App\Controllers\UserController->__construct()
 2 SYSTEMPATH\CodeIgniter.php(490): CodeIgniter\CodeIgniter->createController()
 3 SYSTEMPATH\CodeIgniter.php(368): CodeIgniter\CodeIgniter->handleRequest(null, Object(Config\Cache), false)
 4 FCPATH\index.php(67): CodeIgniter\CodeIgniter->run()
INFO - 2023-06-02 02:16:31 --> Session: Class initialized using 'CodeIgniter\Session\Handlers\FileHandler' driver.
WARNING - 2023-06-02 02:16:31 --> [DEPRECATED] Creation of dynamic property App\Controllers\UserController::$session is deprecated in APPPATH\Controllers\UserController.php on line 13.
 1 SYSTEMPATH\CodeIgniter.php(906): App\Controllers\UserController->__construct()
 2 SYSTEMPATH\CodeIgniter.php(490): CodeIgniter\CodeIgniter->createController()
 3 SYSTEMPATH\CodeIgniter.php(368): CodeIgniter\CodeIgniter->handleRequest(null, Object(Config\Cache), false)
 4 FCPATH\index.php(67): CodeIgniter\CodeIgniter->run()
INFO - 2023-06-02 02:18:26 --> Session: Class initialized using 'CodeIgniter\Session\Handlers\FileHandler' driver.
WARNING - 2023-06-02 02:18:26 --> [DEPRECATED] Creation of dynamic property App\Controllers\UserController::$session is deprecated in APPPATH\Controllers\UserController.php on line 13.
 1 SYSTEMPATH\CodeIgniter.php(906): App\Controllers\UserController->__construct()
 2 SYSTEMPATH\CodeIgniter.php(490): CodeIgniter\CodeIgniter->createController()
 3 SYSTEMPATH\CodeIgniter.php(368): CodeIgniter\CodeIgniter->handleRequest(null, Object(Config\Cache), false)
 4 FCPATH\index.php(67): CodeIgniter\CodeIgniter->run()
INFO - 2023-06-02 02:19:06 --> Session: Class initialized using 'CodeIgniter\Session\Handlers\FileHandler' driver.
WARNING - 2023-06-02 02:19:06 --> [DEPRECATED] Creation of dynamic property App\Controllers\UserController::$session is deprecated in APPPATH\Controllers\UserController.php on line 13.
 1 SYSTEMPATH\CodeIgniter.php(906): App\Controllers\UserController->__construct()
 2 SYSTEMPATH\CodeIgniter.php(490): CodeIgniter\CodeIgniter->createController()
 3 SYSTEMPATH\CodeIgniter.php(368): CodeIgniter\CodeIgniter->handleRequest(null, Object(Config\Cache), false)
 4 FCPATH\index.php(67): CodeIgniter\CodeIgniter->run()
INFO - 2023-06-02 02:19:28 --> Session: Class initialized using 'CodeIgniter\Session\Handlers\FileHandler' driver.
WARNING - 2023-06-02 02:19:28 --> [DEPRECATED] Creation of dynamic property App\Controllers\UserController::$session is deprecated in APPPATH\Controllers\UserController.php on line 13.
 1 SYSTEMPATH\CodeIgniter.php(906): App\Controllers\UserController->__construct()
 2 SYSTEMPATH\CodeIgniter.php(490): CodeIgniter\CodeIgniter->createController()
 3 SYSTEMPATH\CodeIgniter.php(368): CodeIgniter\CodeIgniter->handleRequest(null, Object(Config\Cache), false)
 4 FCPATH\index.php(67): CodeIgniter\CodeIgniter->run()
INFO - 2023-06-02 02:19:44 --> Session: Class initialized using 'CodeIgniter\Session\Handlers\FileHandler' driver.
WARNING - 2023-06-02 02:19:44 --> [DEPRECATED] Creation of dynamic property App\Controllers\UserController::$session is deprecated in APPPATH\Controllers\UserController.php on line 13.
 1 SYSTEMPATH\CodeIgniter.php(906): App\Controllers\UserController->__construct()
 2 SYSTEMPATH\CodeIgniter.php(490): CodeIgniter\CodeIgniter->createController()
 3 SYSTEMPATH\CodeIgniter.php(368): CodeIgniter\CodeIgniter->handleRequest(null, Object(Config\Cache), false)
 4 FCPATH\index.php(67): CodeIgniter\CodeIgniter->run()
INFO - 2023-06-02 02:20:13 --> Session: Class initialized using 'CodeIgniter\Session\Handlers\FileHandler' driver.
WARNING - 2023-06-02 02:20:13 --> [DEPRECATED] Creation of dynamic property App\Controllers\UserController::$session is deprecated in APPPATH\Controllers\UserController.php on line 13.
 1 SYSTEMPATH\CodeIgniter.php(906): App\Controllers\UserController->__construct()
 2 SYSTEMPATH\CodeIgniter.php(490): CodeIgniter\CodeIgniter->createController()
 3 SYSTEMPATH\CodeIgniter.php(368): CodeIgniter\CodeIgniter->handleRequest(null, Object(Config\Cache), false)
 4 FCPATH\index.php(67): CodeIgniter\CodeIgniter->run()
INFO - 2023-06-02 02:25:42 --> Session: Class initialized using 'CodeIgniter\Session\Handlers\FileHandler' driver.
WARNING - 2023-06-02 02:25:42 --> [DEPRECATED] Creation of dynamic property App\Controllers\UserController::$session is deprecated in APPPATH\Controllers\UserController.php on line 13.
 1 SYSTEMPATH\CodeIgniter.php(906): App\Controllers\UserController->__construct()
 2 SYSTEMPATH\CodeIgniter.php(490): CodeIgniter\CodeIgniter->createController()
 3 SYSTEMPATH\CodeIgniter.php(368): CodeIgniter\CodeIgniter->handleRequest(null, Object(Config\Cache), false)
 4 FCPATH\index.php(67): CodeIgniter\CodeIgniter->run()
INFO - 2023-06-02 02:26:20 --> Session: Class initialized using 'CodeIgniter\Session\Handlers\FileHandler' driver.
WARNING - 2023-06-02 02:26:20 --> [DEPRECATED] Creation of dynamic property App\Controllers\UserController::$session is deprecated in APPPATH\Controllers\UserController.php on line 13.
 1 SYSTEMPATH\CodeIgniter.php(906): App\Controllers\UserController->__construct()
 2 SYSTEMPATH\CodeIgniter.php(490): CodeIgniter\CodeIgniter->createController()
 3 SYSTEMPATH\CodeIgniter.php(368): CodeIgniter\CodeIgniter->handleRequest(null, Object(Config\Cache), false)
 4 FCPATH\index.php(67): CodeIgniter\CodeIgniter->run()
INFO - 2023-06-02 02:26:45 --> Session: Class initialized using 'CodeIgniter\Session\Handlers\FileHandler' driver.
WARNING - 2023-06-02 02:26:45 --> [DEPRECATED] Creation of dynamic property App\Controllers\UserController::$session is deprecated in APPPATH\Controllers\UserController.php on line 13.
 1 SYSTEMPATH\CodeIgniter.php(906): App\Controllers\UserController->__construct()
 2 SYSTEMPATH\CodeIgniter.php(490): CodeIgniter\CodeIgniter->createController()
 3 SYSTEMPATH\CodeIgniter.php(368): CodeIgniter\CodeIgniter->handleRequest(null, Object(Config\Cache), false)
 4 FCPATH\index.php(67): CodeIgniter\CodeIgniter->run()
INFO - 2023-06-02 02:30:15 --> Session: Class initialized using 'CodeIgniter\Session\Handlers\FileHandler' driver.
WARNING - 2023-06-02 02:30:15 --> [DEPRECATED] Creation of dynamic property App\Controllers\UserController::$session is deprecated in APPPATH\Controllers\UserController.php on line 13.
 1 SYSTEMPATH\CodeIgniter.php(906): App\Controllers\UserController->__construct()
 2 SYSTEMPATH\CodeIgniter.php(490): CodeIgniter\CodeIgniter->createController()
 3 SYSTEMPATH\CodeIgniter.php(368): CodeIgniter\CodeIgniter->handleRequest(null, Object(Config\Cache), false)
 4 FCPATH\index.php(67): CodeIgniter\CodeIgniter->run()
INFO - 2023-06-02 02:30:42 --> Session: Class initialized using 'CodeIgniter\Session\Handlers\FileHandler' driver.
WARNING - 2023-06-02 02:30:42 --> [DEPRECATED] Creation of dynamic property App\Controllers\UserController::$session is deprecated in APPPATH\Controllers\UserController.php on line 13.
 1 SYSTEMPATH\CodeIgniter.php(906): App\Controllers\UserController->__construct()
 2 SYSTEMPATH\CodeIgniter.php(490): CodeIgniter\CodeIgniter->createController()
 3 SYSTEMPATH\CodeIgniter.php(368): CodeIgniter\CodeIgniter->handleRequest(null, Object(Config\Cache), false)
 4 FCPATH\index.php(67): CodeIgniter\CodeIgniter->run()
INFO - 2023-06-02 02:37:42 --> Session: Class initialized using 'CodeIgniter\Session\Handlers\FileHandler' driver.
WARNING - 2023-06-02 02:37:42 --> [DEPRECATED] Creation of dynamic property App\Controllers\UserController::$session is deprecated in APPPATH\Controllers\UserController.php on line 13.
 1 SYSTEMPATH\CodeIgniter.php(906): App\Controllers\UserController->__construct()
 2 SYSTEMPATH\CodeIgniter.php(490): CodeIgniter\CodeIgniter->createController()
 3 SYSTEMPATH\CodeIgniter.php(368): CodeIgniter\CodeIgniter->handleRequest(null, Object(Config\Cache), false)
 4 FCPATH\index.php(67): CodeIgniter\CodeIgniter->run()
INFO - 2023-06-02 02:38:04 --> Session: Class initialized using 'CodeIgniter\Session\Handlers\FileHandler' driver.
WARNING - 2023-06-02 02:38:04 --> [DEPRECATED] Creation of dynamic property App\Controllers\UserController::$session is deprecated in APPPATH\Controllers\UserController.php on line 13.
 1 SYSTEMPATH\CodeIgniter.php(906): App\Controllers\UserController->__construct()
 2 SYSTEMPATH\CodeIgniter.php(490): CodeIgniter\CodeIgniter->createController()
 3 SYSTEMPATH\CodeIgniter.php(368): CodeIgniter\CodeIgniter->handleRequest(null, Object(Config\Cache), false)
 4 FCPATH\index.php(67): CodeIgniter\CodeIgniter->run()
INFO - 2023-06-02 02:38:29 --> Session: Class initialized using 'CodeIgniter\Session\Handlers\FileHandler' driver.
WARNING - 2023-06-02 02:38:29 --> [DEPRECATED] Creation of dynamic property App\Controllers\UserController::$session is deprecated in APPPATH\Controllers\UserController.php on line 13.
 1 SYSTEMPATH\CodeIgniter.php(906): App\Controllers\UserController->__construct()
 2 SYSTEMPATH\CodeIgniter.php(490): CodeIgniter\CodeIgniter->createController()
 3 SYSTEMPATH\CodeIgniter.php(368): CodeIgniter\CodeIgniter->handleRequest(null, Object(Config\Cache), false)
 4 FCPATH\index.php(67): CodeIgniter\CodeIgniter->run()
INFO - 2023-06-02 02:38:33 --> Session: Class initialized using 'CodeIgniter\Session\Handlers\FileHandler' driver.
WARNING - 2023-06-02 02:38:33 --> [DEPRECATED] Creation of dynamic property App\Controllers\UserController::$session is deprecated in APPPATH\Controllers\UserController.php on line 13.
 1 SYSTEMPATH\CodeIgniter.php(906): App\Controllers\UserController->__construct()
 2 SYSTEMPATH\CodeIgniter.php(490): CodeIgniter\CodeIgniter->createController()
 3 SYSTEMPATH\CodeIgniter.php(368): CodeIgniter\CodeIgniter->handleRequest(null, Object(Config\Cache), false)
 4 FCPATH\index.php(67): CodeIgniter\CodeIgniter->run()
INFO - 2023-06-02 02:38:42 --> Session: Class initialized using 'CodeIgniter\Session\Handlers\FileHandler' driver.
WARNING - 2023-06-02 02:38:42 --> [DEPRECATED] Creation of dynamic property App\Controllers\UserController::$session is deprecated in APPPATH\Controllers\UserController.php on line 13.
 1 SYSTEMPATH\CodeIgniter.php(906): App\Controllers\UserController->__construct()
 2 SYSTEMPATH\CodeIgniter.php(490): CodeIgniter\CodeIgniter->createController()
 3 SYSTEMPATH\CodeIgniter.php(368): CodeIgniter\CodeIgniter->handleRequest(null, Object(Config\Cache), false)
 4 FCPATH\index.php(67): CodeIgniter\CodeIgniter->run()
INFO - 2023-06-02 02:38:46 --> Session: Class initialized using 'CodeIgniter\Session\Handlers\FileHandler' driver.
WARNING - 2023-06-02 02:38:46 --> [DEPRECATED] Creation of dynamic property App\Controllers\UserController::$session is deprecated in APPPATH\Controllers\UserController.php on line 13.
 1 SYSTEMPATH\CodeIgniter.php(906): App\Controllers\UserController->__construct()
 2 SYSTEMPATH\CodeIgniter.php(490): CodeIgniter\CodeIgniter->createController()
 3 SYSTEMPATH\CodeIgniter.php(368): CodeIgniter\CodeIgniter->handleRequest(null, Object(Config\Cache), false)
 4 FCPATH\index.php(67): CodeIgniter\CodeIgniter->run()
INFO - 2023-06-02 02:39:10 --> Session: Class initialized using 'CodeIgniter\Session\Handlers\FileHandler' driver.
WARNING - 2023-06-02 02:39:10 --> [DEPRECATED] Creation of dynamic property App\Controllers\UserController::$session is deprecated in APPPATH\Controllers\UserController.php on line 13.
 1 SYSTEMPATH\CodeIgniter.php(906): App\Controllers\UserController->__construct()
 2 SYSTEMPATH\CodeIgniter.php(490): CodeIgniter\CodeIgniter->createController()
 3 SYSTEMPATH\CodeIgniter.php(368): CodeIgniter\CodeIgniter->handleRequest(null, Object(Config\Cache), false)
 4 FCPATH\index.php(67): CodeIgniter\CodeIgniter->run()
INFO - 2023-06-02 02:53:49 --> Session: Class initialized using 'CodeIgniter\Session\Handlers\FileHandler' driver.
WARNING - 2023-06-02 02:53:49 --> [DEPRECATED] Creation of dynamic property App\Controllers\UserController::$session is deprecated in APPPATH\Controllers\UserController.php on line 13.
 1 SYSTEMPATH\CodeIgniter.php(906): App\Controllers\UserController->__construct()
 2 SYSTEMPATH\CodeIgniter.php(490): CodeIgniter\CodeIgniter->createController()
 3 SYSTEMPATH\CodeIgniter.php(368): CodeIgniter\CodeIgniter->handleRequest(null, Object(Config\Cache), false)
 4 FCPATH\index.php(67): CodeIgniter\CodeIgniter->run()
INFO - 2023-06-02 03:02:25 --> Session: Class initialized using 'CodeIgniter\Session\Handlers\FileHandler' driver.
WARNING - 2023-06-02 03:02:25 --> [DEPRECATED] Creation of dynamic property App\Controllers\UserController::$session is deprecated in APPPATH\Controllers\UserController.php on line 13.
 1 SYSTEMPATH\CodeIgniter.php(906): App\Controllers\UserController->__construct()
 2 SYSTEMPATH\CodeIgniter.php(490): CodeIgniter\CodeIgniter->createController()
 3 SYSTEMPATH\CodeIgniter.php(368): CodeIgniter\CodeIgniter->handleRequest(null, Object(Config\Cache), false)
 4 FCPATH\index.php(67): CodeIgniter\CodeIgniter->run()
INFO - 2023-06-02 03:12:52 --> Session: Class initialized using 'CodeIgniter\Session\Handlers\FileHandler' driver.
WARNING - 2023-06-02 03:12:52 --> [DEPRECATED] Creation of dynamic property App\Controllers\UserController::$session is deprecated in APPPATH\Controllers\UserController.php on line 13.
 1 SYSTEMPATH\CodeIgniter.php(906): App\Controllers\UserController->__construct()
 2 SYSTEMPATH\CodeIgniter.php(490): CodeIgniter\CodeIgniter->createController()
 3 SYSTEMPATH\CodeIgniter.php(368): CodeIgniter\CodeIgniter->handleRequest(null, Object(Config\Cache), false)
 4 FCPATH\index.php(67): CodeIgniter\CodeIgniter->run()
INFO - 2023-06-02 03:14:22 --> Session: Class initialized using 'CodeIgniter\Session\Handlers\FileHandler' driver.
WARNING - 2023-06-02 03:14:22 --> [DEPRECATED] Creation of dynamic property App\Controllers\UserController::$session is deprecated in APPPATH\Controllers\UserController.php on line 13.
 1 SYSTEMPATH\CodeIgniter.php(906): App\Controllers\UserController->__construct()
 2 SYSTEMPATH\CodeIgniter.php(490): CodeIgniter\CodeIgniter->createController()
 3 SYSTEMPATH\CodeIgniter.php(368): CodeIgniter\CodeIgniter->handleRequest(null, Object(Config\Cache), false)
 4 FCPATH\index.php(67): CodeIgniter\CodeIgniter->run()
INFO - 2023-06-02 03:15:21 --> Session: Class initialized using 'CodeIgniter\Session\Handlers\FileHandler' driver.
WARNING - 2023-06-02 03:15:21 --> [DEPRECATED] Creation of dynamic property App\Controllers\UserController::$session is deprecated in APPPATH\Controllers\UserController.php on line 13.
 1 SYSTEMPATH\CodeIgniter.php(906): App\Controllers\UserController->__construct()
 2 SYSTEMPATH\CodeIgniter.php(490): CodeIgniter\CodeIgniter->createController()
 3 SYSTEMPATH\CodeIgniter.php(368): CodeIgniter\CodeIgniter->handleRequest(null, Object(Config\Cache), false)
 4 FCPATH\index.php(67): CodeIgniter\CodeIgniter->run()
INFO - 2023-06-02 03:16:34 --> Session: Class initialized using 'CodeIgniter\Session\Handlers\FileHandler' driver.
WARNING - 2023-06-02 03:16:34 --> [DEPRECATED] Creation of dynamic property App\Controllers\UserController::$session is deprecated in APPPATH\Controllers\UserController.php on line 13.
 1 SYSTEMPATH\CodeIgniter.php(906): App\Controllers\UserController->__construct()
 2 SYSTEMPATH\CodeIgniter.php(490): CodeIgniter\CodeIgniter->createController()
 3 SYSTEMPATH\CodeIgniter.php(368): CodeIgniter\CodeIgniter->handleRequest(null, Object(Config\Cache), false)
 4 FCPATH\index.php(67): CodeIgniter\CodeIgniter->run()
INFO - 2023-06-02 03:20:49 --> Session: Class initialized using 'CodeIgniter\Session\Handlers\FileHandler' driver.
WARNING - 2023-06-02 03:20:49 --> [DEPRECATED] Creation of dynamic property App\Controllers\UserController::$session is deprecated in APPPATH\Controllers\UserController.php on line 13.
 1 SYSTEMPATH\CodeIgniter.php(906): App\Controllers\UserController->__construct()
 2 SYSTEMPATH\CodeIgniter.php(490): CodeIgniter\CodeIgniter->createController()
 3 SYSTEMPATH\CodeIgniter.php(368): CodeIgniter\CodeIgniter->handleRequest(null, Object(Config\Cache), false)
 4 FCPATH\index.php(67): CodeIgniter\CodeIgniter->run()
INFO - 2023-06-02 03:21:15 --> Session: Class initialized using 'CodeIgniter\Session\Handlers\FileHandler' driver.
WARNING - 2023-06-02 03:21:15 --> [DEPRECATED] Creation of dynamic property App\Controllers\UserController::$session is deprecated in APPPATH\Controllers\UserController.php on line 13.
 1 SYSTEMPATH\CodeIgniter.php(906): App\Controllers\UserController->__construct()
 2 SYSTEMPATH\CodeIgniter.php(490): CodeIgniter\CodeIgniter->createController()
 3 SYSTEMPATH\CodeIgniter.php(368): CodeIgniter\CodeIgniter->handleRequest(null, Object(Config\Cache), false)
 4 FCPATH\index.php(67): CodeIgniter\CodeIgniter->run()
