CRITICAL - 2023-05-03 08:04:51 --> The framework needs the following extension(s) installed and loaded: intl.
in SYSTEMPATH\CodeIgniter.php on line 226.
 1 SYSTEMPATH\CodeIgniter.php(226): CodeIgniter\Exceptions\FrameworkException::forMissingExtension('intl')
 2 SYSTEMPATH\CodeIgniter.php(190): CodeIgniter\CodeIgniter->resolvePlatformExtensions()
 3 FCPATH\index.php(55): CodeIgniter\CodeIgniter->initialize()
CRITICAL - 2023-05-03 07:28:13 --> Argument 1 passed to CodeIgniter\View\View::__construct() must be an instance of Config\View, instance of CodeIgniter\Config\View given, called in C:\xampp\htdocs\Codeigniter\system\Config\Services.php on line 482
in SYSTEMPATH\View\View.php on line 140.
 1 SYSTEMPATH\Config\Services.php(482): CodeIgniter\View\View->__construct(Object(CodeIgniter\Config\View), 'C:\\xampp\\htdocs\\Codeigniter\\app\\Config/../Views', Object(CodeIgniter\Autoloader\FileLocator), false, Object(CodeIgniter\Log\Logger))
 2 SYSTEMPATH\Config\BaseService.php(252): CodeIgniter\Config\Services::renderer('C:\\xampp\\htdocs\\Codeigniter\\app\\Config/../Views', Object(CodeIgniter\Config\View), false)
 3 SYSTEMPATH\Config\BaseService.php(193): CodeIgniter\Config\BaseService::__callStatic('renderer', [...])
 4 SYSTEMPATH\Config\Services.php(476): CodeIgniter\Config\BaseService::getSharedInstance('renderer', null, null)
 5 SYSTEMPATH\Config\BaseService.php(252): CodeIgniter\Config\Services::renderer()
 6 SYSTEMPATH\Config\Services.php(755): CodeIgniter\Config\BaseService::__callStatic('renderer', [])
 7 SYSTEMPATH\Config\BaseService.php(252): CodeIgniter\Config\Services::validation(Object(Config\Validation), false)
 8 SYSTEMPATH\Config\BaseService.php(193): CodeIgniter\Config\BaseService::__callStatic('validation', [...])
 9 SYSTEMPATH\Config\Services.php(750): CodeIgniter\Config\BaseService::getSharedInstance('validation', null)
10 SYSTEMPATH\Config\BaseService.php(252): CodeIgniter\Config\Services::validation()
11 APPPATH\Config\View.php(2): CodeIgniter\Config\BaseService::__callStatic('validation', [])
12 SYSTEMPATH\Autoloader\Autoloader.php(312): include_once('C:\\xampp\\htdocs\\Codeigniter\\app\\Config\\View.php')
13 SYSTEMPATH\Autoloader\Autoloader.php(289): CodeIgniter\Autoloader\Autoloader->includeFile('C:\\xampp\\htdocs\\Codeigniter\\app\\Config\\View.php')
14 SYSTEMPATH\Autoloader\Autoloader.php(267): CodeIgniter\Autoloader\Autoloader->loadInNamespace('Config\\View')
15 [internal function]: CodeIgniter\Autoloader\Autoloader->loadClass('Config\\View')
16 [internal function]: spl_autoload_call('Config\\View')
17 SYSTEMPATH\Config\Factories.php(155): class_exists('Config\\View')
18 SYSTEMPATH\Config\Factories.php(125): CodeIgniter\Config\Factories::locateClass([...], 'View')
19 SYSTEMPATH\Common.php(216): CodeIgniter\Config\Factories::__callStatic('config', [])
20 SYSTEMPATH\Config\Services.php(480): config('View')
21 SYSTEMPATH\Config\BaseService.php(252): CodeIgniter\Config\Services::renderer('C:\\xampp\\htdocs\\Codeigniter\\app\\Config/../Views', null, false)
22 SYSTEMPATH\Config\BaseService.php(193): CodeIgniter\Config\BaseService::__callStatic('renderer', [...])
23 SYSTEMPATH\Config\Services.php(476): CodeIgniter\Config\BaseService::getSharedInstance('renderer', null, null)
24 SYSTEMPATH\Config\BaseService.php(252): CodeIgniter\Config\Services::renderer()
25 SYSTEMPATH\Common.php(1174): CodeIgniter\Config\BaseService::__callStatic('renderer', [])
26 APPPATH\Controllers\Home.php(9): view('welcome_message')
27 SYSTEMPATH\CodeIgniter.php(934): App\Controllers\Home->index()
28 SYSTEMPATH\CodeIgniter.php(499): CodeIgniter\CodeIgniter->runController(Object(App\Controllers\Home))
29 SYSTEMPATH\CodeIgniter.php(368): CodeIgniter\CodeIgniter->handleRequest(null, Object(Config\Cache), false)
30 FCPATH\index.php(69): CodeIgniter\CodeIgniter->run()
CRITICAL - 2023-05-03 07:28:14 --> Argument 1 passed to CodeIgniter\View\View::__construct() must be an instance of Config\View, instance of CodeIgniter\Config\View given, called in C:\xampp\htdocs\Codeigniter\system\Config\Services.php on line 482
in SYSTEMPATH\View\View.php on line 140.
 1 SYSTEMPATH\Config\Services.php(482): CodeIgniter\View\View->__construct(Object(CodeIgniter\Config\View), 'C:\\xampp\\htdocs\\Codeigniter\\app\\Config/../Views', Object(CodeIgniter\Autoloader\FileLocator), false, Object(CodeIgniter\Log\Logger))
 2 SYSTEMPATH\Config\BaseService.php(252): CodeIgniter\Config\Services::renderer('C:\\xampp\\htdocs\\Codeigniter\\app\\Config/../Views', Object(CodeIgniter\Config\View), false)
 3 SYSTEMPATH\Config\BaseService.php(193): CodeIgniter\Config\BaseService::__callStatic('renderer', [...])
 4 SYSTEMPATH\Config\Services.php(476): CodeIgniter\Config\BaseService::getSharedInstance('renderer', null, null)
 5 SYSTEMPATH\Config\BaseService.php(252): CodeIgniter\Config\Services::renderer()
 6 SYSTEMPATH\Config\Services.php(755): CodeIgniter\Config\BaseService::__callStatic('renderer', [])
 7 SYSTEMPATH\Config\BaseService.php(252): CodeIgniter\Config\Services::validation(Object(Config\Validation), false)
 8 SYSTEMPATH\Config\BaseService.php(193): CodeIgniter\Config\BaseService::__callStatic('validation', [...])
 9 SYSTEMPATH\Config\Services.php(750): CodeIgniter\Config\BaseService::getSharedInstance('validation', null)
10 SYSTEMPATH\Config\BaseService.php(252): CodeIgniter\Config\Services::validation()
11 APPPATH\Config\View.php(2): CodeIgniter\Config\BaseService::__callStatic('validation', [])
12 SYSTEMPATH\Autoloader\Autoloader.php(312): include_once('C:\\xampp\\htdocs\\Codeigniter\\app\\Config\\View.php')
13 SYSTEMPATH\Autoloader\Autoloader.php(289): CodeIgniter\Autoloader\Autoloader->includeFile('C:\\xampp\\htdocs\\Codeigniter\\app\\Config\\View.php')
14 SYSTEMPATH\Autoloader\Autoloader.php(267): CodeIgniter\Autoloader\Autoloader->loadInNamespace('Config\\View')
15 [internal function]: CodeIgniter\Autoloader\Autoloader->loadClass('Config\\View')
16 [internal function]: spl_autoload_call('Config\\View')
17 SYSTEMPATH\Config\Factories.php(155): class_exists('Config\\View')
18 SYSTEMPATH\Config\Factories.php(125): CodeIgniter\Config\Factories::locateClass([...], 'View')
19 SYSTEMPATH\Common.php(216): CodeIgniter\Config\Factories::__callStatic('config', [])
20 SYSTEMPATH\Config\Services.php(480): config('View')
21 SYSTEMPATH\Config\BaseService.php(252): CodeIgniter\Config\Services::renderer('C:\\xampp\\htdocs\\Codeigniter\\app\\Config/../Views', null, false)
22 SYSTEMPATH\Config\BaseService.php(193): CodeIgniter\Config\BaseService::__callStatic('renderer', [...])
23 SYSTEMPATH\Config\Services.php(476): CodeIgniter\Config\BaseService::getSharedInstance('renderer', null, null)
24 SYSTEMPATH\Config\BaseService.php(252): CodeIgniter\Config\Services::renderer()
25 SYSTEMPATH\Common.php(1174): CodeIgniter\Config\BaseService::__callStatic('renderer', [])
26 APPPATH\Controllers\Home.php(9): view('welcome_message')
27 SYSTEMPATH\CodeIgniter.php(934): App\Controllers\Home->index()
28 SYSTEMPATH\CodeIgniter.php(499): CodeIgniter\CodeIgniter->runController(Object(App\Controllers\Home))
29 SYSTEMPATH\CodeIgniter.php(368): CodeIgniter\CodeIgniter->handleRequest(null, Object(Config\Cache), false)
30 FCPATH\index.php(69): CodeIgniter\CodeIgniter->run()
CRITICAL - 2023-05-03 07:37:15 --> Use of undefined constant version - assumed 'version' (this will throw an Error in a future version of PHP)
in APPPATH\Views\welcome_message.php on line 223.
 1 APPPATH\Views\welcome_message.php(223): CodeIgniter\Debug\Exceptions->errorHandler(2, 'Use of undefined constant version - assumed \'version\' (this will throw an Error in a future version of PHP)', 'C:\\xampp\\htdocs\\Codeigniter\\app\\Views\\welcome_message.php', 223, [])
 2 SYSTEMPATH\View\View.php(213): include('C:\\xampp\\htdocs\\Codeigniter\\app\\Views\\welcome_message.php')
 3 SYSTEMPATH\View\View.php(216): CodeIgniter\View\View->CodeIgniter\View\{closure}()
 4 SYSTEMPATH\Common.php(1184): CodeIgniter\View\View->render('welcome_message', [], true)
 5 APPPATH\Controllers\Home.php(9): view('welcome_message')
 6 SYSTEMPATH\CodeIgniter.php(934): App\Controllers\Home->index()
 7 SYSTEMPATH\CodeIgniter.php(499): CodeIgniter\CodeIgniter->runController(Object(App\Controllers\Home))
 8 SYSTEMPATH\CodeIgniter.php(368): CodeIgniter\CodeIgniter->handleRequest(null, Object(Config\Cache), false)
 9 FCPATH\index.php(69): CodeIgniter\CodeIgniter->run()
CRITICAL - 2023-05-03 07:37:38 --> Use of undefined constant version - assumed 'version' (this will throw an Error in a future version of PHP)
in APPPATH\Views\welcome_message.php on line 223.
 1 APPPATH\Views\welcome_message.php(223): CodeIgniter\Debug\Exceptions->errorHandler(2, 'Use of undefined constant version - assumed \'version\' (this will throw an Error in a future version of PHP)', 'C:\\xampp\\htdocs\\Codeigniter\\app\\Views\\welcome_message.php', 223, [])
 2 SYSTEMPATH\View\View.php(213): include('C:\\xampp\\htdocs\\Codeigniter\\app\\Views\\welcome_message.php')
 3 SYSTEMPATH\View\View.php(216): CodeIgniter\View\View->CodeIgniter\View\{closure}()
 4 SYSTEMPATH\Common.php(1184): CodeIgniter\View\View->render('welcome_message', [], true)
 5 APPPATH\Controllers\Home.php(9): view('welcome_message')
 6 SYSTEMPATH\CodeIgniter.php(934): App\Controllers\Home->index()
 7 SYSTEMPATH\CodeIgniter.php(499): CodeIgniter\CodeIgniter->runController(Object(App\Controllers\Home))
 8 SYSTEMPATH\CodeIgniter.php(368): CodeIgniter\CodeIgniter->handleRequest(null, Object(Config\Cache), false)
 9 FCPATH\index.php(69): CodeIgniter\CodeIgniter->run()
